[20160627 16:55:11 INFO] 本次登陆账号为:15708437303
[20160627 16:55:13 INFO] 本次抓取时间为:2016-06-27 16:55:13
[20160627 16:55:13 INFO] Resetting dropped connection: weibo.com
[20160627 16:55:35 INFO] 本次登陆账号为:15708437303
[20160627 16:55:36 INFO] 本次抓取时间为:2016-06-27 16:55:36
[20160627 16:55:36 INFO] Resetting dropped connection: weibo.com
[20160627 17:00:04 INFO] 本次登陆账号为:15708437303
[20160627 17:00:05 INFO] 本次抓取时间为:2016-06-27 17:00:05
[20160627 17:00:05 INFO] Resetting dropped connection: weibo.com
[20160627 17:03:42 INFO] 本次登陆账号为:18708103033
[20160627 17:03:42 INFO] 本次抓取时间为:2016-06-27 17:03:42
[20160627 17:03:42 INFO] Resetting dropped connection: weibo.com
[20160627 18:25:02 INFO] 本次登陆账号为:18708103033
[20160627 18:25:19 INFO] 本次登陆账号为:18708103033
[20160627 18:31:49 INFO] 本次登陆账号为:18708103033
[20160628 12:13:58 INFO] 本次登陆账号为:18708103033
[20160628 14:11:34 INFO] 本次登陆账号为:18708103033
[20160628 14:13:23 INFO] 本次登陆账号为:18708103033
[20160628 14:19:15 INFO] 本次登陆账号为:15708437303
[20160628 14:31:06 INFO] 本次登陆账号为:15708437303
[20160628 14:37:21 INFO] 本次登陆账号为:1796246076@qq.com
[20160628 14:39:46 INFO] 本次登陆账号为:15708437303
[20160628 14:42:06 INFO] 本次登陆账号为:15708437303
[20160629 16:32:28 INFO] 本次登陆账号为:15708437303
[20160629 16:32:35 INFO] 本次抓取时间为:2016-06-29 16:32:35
[20160629 16:32:35 INFO] Resetting dropped connection: weibo.com
[20160629 16:33:38 INFO] Resetting dropped connection: weibo.com
[20160629 16:34:40 INFO] Resetting dropped connection: weibo.com
[20160629 16:35:42 INFO] Resetting dropped connection: weibo.com
[20160629 16:38:37 INFO] 本次登陆账号为:15708437303
[20160629 16:38:37 INFO] 本次抓取时间为:2016-06-29 16:38:37
[20160629 16:38:37 INFO] Resetting dropped connection: weibo.com
[20160629 16:39:38 INFO] Resetting dropped connection: weibo.com
[20160629 16:40:39 INFO] Resetting dropped connection: weibo.com
[20160629 16:41:41 INFO] Resetting dropped connection: weibo.com
[20160701 15:19:23 INFO] 本次登陆账号为:15708437303
[20160701 15:19:27 INFO] 本次抓取时间为:2016-07-01 15:19:27
[20160701 15:19:27 INFO] 本次抓取结束，时间是:2016-07-01 15:19:27，一共抓取了0个页面
[20160701 15:19:53 INFO] 本次登陆账号为:15708437303
[20160701 15:19:55 INFO] 本次抓取时间为:2016-07-01 15:19:55
[20160701 15:19:55 INFO] 本次抓取结束，时间是:2016-07-01 15:19:55，一共抓取了0个页面
